<?xml version="1.0" encoding="UTF-8"?>
<testsuite xmlns:xsi="http://www.w3.org/2001/XMLSchema-instance" xsi:noNamespaceSchemaLocation="https://maven.apache.org/surefire/maven-surefire-plugin/xsd/surefire-test-report.xsd" name="com.intersys.InterSysApplicationTests" time="6.019" tests="1" errors="0" skipped="0" failures="0">
  <properties>
    <property name="sun.desktop" value="windows"/>
    <property name="awt.toolkit" value="sun.awt.windows.WToolkit"/>
    <property name="file.encoding.pkg" value="sun.io"/>
    <property name="java.specification.version" value="1.8"/>
    <property name="sun.cpu.isalist" value="amd64"/>
    <property name="sun.jnu.encoding" value="GBK"/>
    <property name="java.class.path" value="E:\IdeaWorkSpace\inter-sys\target\test-classes;E:\IdeaWorkSpace\inter-sys\target\classes;E:\mymvnbase\joda-time\joda-time\2.9.9\joda-time-2.9.9.jar;E:\mymvnbase\org\springframework\boot\spring-boot-starter-freemarker\2.4.3\spring-boot-starter-freemarker-2.4.3.jar;E:\mymvnbase\org\springframework\boot\spring-boot-starter\2.4.3\spring-boot-starter-2.4.3.jar;E:\mymvnbase\org\springframework\boot\spring-boot\2.4.3\spring-boot-2.4.3.jar;E:\mymvnbase\org\springframework\boot\spring-boot-autoconfigure\2.4.3\spring-boot-autoconfigure-2.4.3.jar;E:\mymvnbase\org\springframework\boot\spring-boot-starter-logging\2.4.3\spring-boot-starter-logging-2.4.3.jar;E:\mymvnbase\ch\qos\logback\logback-classic\1.2.3\logback-classic-1.2.3.jar;E:\mymvnbase\ch\qos\logback\logback-core\1.2.3\logback-core-1.2.3.jar;E:\mymvnbase\org\apache\logging\log4j\log4j-to-slf4j\2.13.3\log4j-to-slf4j-2.13.3.jar;E:\mymvnbase\org\apache\logging\log4j\log4j-api\2.13.3\log4j-api-2.13.3.jar;E:\mymvnbase\org\slf4j\jul-to-slf4j\1.7.30\jul-to-slf4j-1.7.30.jar;E:\mymvnbase\jakarta\annotation\jakarta.annotation-api\1.3.5\jakarta.annotation-api-1.3.5.jar;E:\mymvnbase\org\yaml\snakeyaml\1.27\snakeyaml-1.27.jar;E:\mymvnbase\org\freemarker\freemarker\2.3.31\freemarker-2.3.31.jar;E:\mymvnbase\org\springframework\spring-context-support\5.3.4\spring-context-support-5.3.4.jar;E:\mymvnbase\org\springframework\spring-beans\5.3.4\spring-beans-5.3.4.jar;E:\mymvnbase\org\springframework\spring-context\5.3.4\spring-context-5.3.4.jar;E:\mymvnbase\org\springframework\boot\spring-boot-starter-thymeleaf\2.4.3\spring-boot-starter-thymeleaf-2.4.3.jar;E:\mymvnbase\org\thymeleaf\thymeleaf-spring5\3.0.12.RELEASE\thymeleaf-spring5-3.0.12.RELEASE.jar;E:\mymvnbase\org\thymeleaf\thymeleaf\3.0.12.RELEASE\thymeleaf-3.0.12.RELEASE.jar;E:\mymvnbase\org\attoparser\attoparser\2.0.5.RELEASE\attoparser-2.0.5.RELEASE.jar;E:\mymvnbase\org\unbescape\unbescape\1.1.6.RELEASE\unbescape-1.1.6.RELEASE.jar;E:\mymvnbase\org\thymeleaf\extras\thymeleaf-extras-java8time\3.0.4.RELEASE\thymeleaf-extras-java8time-3.0.4.RELEASE.jar;E:\mymvnbase\commons-io\commons-io\2.2\commons-io-2.2.jar;E:\mymvnbase\commons-lang\commons-lang\2.6\commons-lang-2.6.jar;E:\mymvnbase\org\projectlombok\lombok\1.18.4\lombok-1.18.4.jar;E:\mymvnbase\io\springfox\springfox-swagger2\2.9.2\springfox-swagger2-2.9.2.jar;E:\mymvnbase\io\swagger\swagger-annotations\1.5.20\swagger-annotations-1.5.20.jar;E:\mymvnbase\io\swagger\swagger-models\1.5.20\swagger-models-1.5.20.jar;E:\mymvnbase\com\fasterxml\jackson\core\jackson-annotations\2.11.4\jackson-annotations-2.11.4.jar;E:\mymvnbase\io\springfox\springfox-spi\2.9.2\springfox-spi-2.9.2.jar;E:\mymvnbase\io\springfox\springfox-core\2.9.2\springfox-core-2.9.2.jar;E:\mymvnbase\io\springfox\springfox-schema\2.9.2\springfox-schema-2.9.2.jar;E:\mymvnbase\io\springfox\springfox-swagger-common\2.9.2\springfox-swagger-common-2.9.2.jar;E:\mymvnbase\io\springfox\springfox-spring-web\2.9.2\springfox-spring-web-2.9.2.jar;E:\mymvnbase\com\google\guava\guava\20.0\guava-20.0.jar;E:\mymvnbase\com\fasterxml\classmate\1.5.1\classmate-1.5.1.jar;E:\mymvnbase\org\slf4j\slf4j-api\1.7.30\slf4j-api-1.7.30.jar;E:\mymvnbase\org\springframework\plugin\spring-plugin-core\1.2.0.RELEASE\spring-plugin-core-1.2.0.RELEASE.jar;E:\mymvnbase\org\springframework\spring-aop\5.3.4\spring-aop-5.3.4.jar;E:\mymvnbase\org\springframework\plugin\spring-plugin-metadata\1.2.0.RELEASE\spring-plugin-metadata-1.2.0.RELEASE.jar;E:\mymvnbase\org\mapstruct\mapstruct\1.2.0.Final\mapstruct-1.2.0.Final.jar;E:\mymvnbase\io\springfox\springfox-swagger-ui\2.9.2\springfox-swagger-ui-2.9.2.jar;E:\mymvnbase\org\springframework\boot\spring-boot-starter-web\2.4.3\spring-boot-starter-web-2.4.3.jar;E:\mymvnbase\org\springframework\boot\spring-boot-starter-json\2.4.3\spring-boot-starter-json-2.4.3.jar;E:\mymvnbase\com\fasterxml\jackson\datatype\jackson-datatype-jdk8\2.11.4\jackson-datatype-jdk8-2.11.4.jar;E:\mymvnbase\com\fasterxml\jackson\datatype\jackson-datatype-jsr310\2.11.4\jackson-datatype-jsr310-2.11.4.jar;E:\mymvnbase\com\fasterxml\jackson\module\jackson-module-parameter-names\2.11.4\jackson-module-parameter-names-2.11.4.jar;E:\mymvnbase\org\springframework\boot\spring-boot-starter-tomcat\2.4.3\spring-boot-starter-tomcat-2.4.3.jar;E:\mymvnbase\org\apache\tomcat\embed\tomcat-embed-core\9.0.43\tomcat-embed-core-9.0.43.jar;E:\mymvnbase\org\glassfish\jakarta.el\3.0.3\jakarta.el-3.0.3.jar;E:\mymvnbase\org\apache\tomcat\embed\tomcat-embed-websocket\9.0.43\tomcat-embed-websocket-9.0.43.jar;E:\mymvnbase\org\springframework\spring-web\5.3.4\spring-web-5.3.4.jar;E:\mymvnbase\org\springframework\spring-webmvc\5.3.4\spring-webmvc-5.3.4.jar;E:\mymvnbase\org\springframework\spring-expression\5.3.4\spring-expression-5.3.4.jar;E:\mymvnbase\org\springframework\boot\spring-boot-starter-test\2.4.3\spring-boot-starter-test-2.4.3.jar;E:\mymvnbase\org\springframework\boot\spring-boot-test\2.4.3\spring-boot-test-2.4.3.jar;E:\mymvnbase\org\springframework\boot\spring-boot-test-autoconfigure\2.4.3\spring-boot-test-autoconfigure-2.4.3.jar;E:\mymvnbase\com\jayway\jsonpath\json-path\2.4.0\json-path-2.4.0.jar;E:\mymvnbase\net\minidev\json-smart\2.3\json-smart-2.3.jar;E:\mymvnbase\net\minidev\accessors-smart\1.2\accessors-smart-1.2.jar;E:\mymvnbase\jakarta\xml\bind\jakarta.xml.bind-api\2.3.3\jakarta.xml.bind-api-2.3.3.jar;E:\mymvnbase\jakarta\activation\jakarta.activation-api\1.2.2\jakarta.activation-api-1.2.2.jar;E:\mymvnbase\org\assertj\assertj-core\3.18.1\assertj-core-3.18.1.jar;E:\mymvnbase\org\hamcrest\hamcrest\2.2\hamcrest-2.2.jar;E:\mymvnbase\org\junit\jupiter\junit-jupiter\5.7.1\junit-jupiter-5.7.1.jar;E:\mymvnbase\org\junit\jupiter\junit-jupiter-api\5.7.1\junit-jupiter-api-5.7.1.jar;E:\mymvnbase\org\apiguardian\apiguardian-api\1.1.0\apiguardian-api-1.1.0.jar;E:\mymvnbase\org\opentest4j\opentest4j\1.2.0\opentest4j-1.2.0.jar;E:\mymvnbase\org\junit\platform\junit-platform-commons\1.7.1\junit-platform-commons-1.7.1.jar;E:\mymvnbase\org\junit\jupiter\junit-jupiter-params\5.7.1\junit-jupiter-params-5.7.1.jar;E:\mymvnbase\org\junit\jupiter\junit-jupiter-engine\5.7.1\junit-jupiter-engine-5.7.1.jar;E:\mymvnbase\org\junit\platform\junit-platform-engine\1.7.1\junit-platform-engine-1.7.1.jar;E:\mymvnbase\org\mockito\mockito-core\3.6.28\mockito-core-3.6.28.jar;E:\mymvnbase\net\bytebuddy\byte-buddy\1.10.20\byte-buddy-1.10.20.jar;E:\mymvnbase\net\bytebuddy\byte-buddy-agent\1.10.20\byte-buddy-agent-1.10.20.jar;E:\mymvnbase\org\objenesis\objenesis\3.1\objenesis-3.1.jar;E:\mymvnbase\org\mockito\mockito-junit-jupiter\3.6.28\mockito-junit-jupiter-3.6.28.jar;E:\mymvnbase\org\skyscreamer\jsonassert\1.5.0\jsonassert-1.5.0.jar;E:\mymvnbase\com\vaadin\external\google\android-json\0.0.20131108.vaadin1\android-json-0.0.20131108.vaadin1.jar;E:\mymvnbase\org\springframework\spring-core\5.3.4\spring-core-5.3.4.jar;E:\mymvnbase\org\springframework\spring-jcl\5.3.4\spring-jcl-5.3.4.jar;E:\mymvnbase\org\springframework\spring-test\5.3.4\spring-test-5.3.4.jar;E:\mymvnbase\org\xmlunit\xmlunit-core\2.7.0\xmlunit-core-2.7.0.jar;E:\mymvnbase\org\apache\httpcomponents\httpclient\4.5.13\httpclient-4.5.13.jar;E:\mymvnbase\org\apache\httpcomponents\httpcore\4.4.14\httpcore-4.4.14.jar;E:\mymvnbase\commons-codec\commons-codec\1.15\commons-codec-1.15.jar;E:\mymvnbase\com\alibaba\fastjson\1.2.70\fastjson-1.2.70.jar;E:\mymvnbase\com\spotify\docker-client\8.5.0\docker-client-8.5.0.jar;E:\mymvnbase\com\fasterxml\jackson\jaxrs\jackson-jaxrs-json-provider\2.11.4\jackson-jaxrs-json-provider-2.11.4.jar;E:\mymvnbase\com\fasterxml\jackson\jaxrs\jackson-jaxrs-base\2.11.4\jackson-jaxrs-base-2.11.4.jar;E:\mymvnbase\com\fasterxml\jackson\module\jackson-module-jaxb-annotations\2.11.4\jackson-module-jaxb-annotations-2.11.4.jar;E:\mymvnbase\com\fasterxml\jackson\datatype\jackson-datatype-guava\2.11.4\jackson-datatype-guava-2.11.4.jar;E:\mymvnbase\com\fasterxml\jackson\core\jackson-core\2.11.4\jackson-core-2.11.4.jar;E:\mymvnbase\com\fasterxml\jackson\core\jackson-databind\2.11.4\jackson-databind-2.11.4.jar;E:\mymvnbase\org\glassfish\jersey\core\jersey-client\2.32\jersey-client-2.32.jar;E:\mymvnbase\jakarta\ws\rs\jakarta.ws.rs-api\2.1.6\jakarta.ws.rs-api-2.1.6.jar;E:\mymvnbase\org\glassfish\jersey\core\jersey-common\2.32\jersey-common-2.32.jar;E:\mymvnbase\org\glassfish\hk2\osgi-resource-locator\1.0.3\osgi-resource-locator-1.0.3.jar;E:\mymvnbase\org\glassfish\hk2\external\jakarta.inject\2.6.1\jakarta.inject-2.6.1.jar;E:\mymvnbase\org\glassfish\jersey\connectors\jersey-apache-connector\2.32\jersey-apache-connector-2.32.jar;E:\mymvnbase\org\glassfish\jersey\media\jersey-media-json-jackson\2.32\jersey-media-json-jackson-2.32.jar;E:\mymvnbase\org\glassfish\jersey\ext\jersey-entity-filtering\2.32\jersey-entity-filtering-2.32.jar;E:\mymvnbase\org\apache\commons\commons-compress\1.9\commons-compress-1.9.jar;E:\mymvnbase\com\github\jnr\jnr-unixsocket\0.8\jnr-unixsocket-0.8.jar;E:\mymvnbase\com\github\jnr\jnr-ffi\2.0.3\jnr-ffi-2.0.3.jar;E:\mymvnbase\com\github\jnr\jffi\1.2.9\jffi-1.2.9.jar;E:\mymvnbase\com\github\jnr\jffi\1.2.9\jffi-1.2.9-native.jar;E:\mymvnbase\org\ow2\asm\asm\5.0.3\asm-5.0.3.jar;E:\mymvnbase\org\ow2\asm\asm-commons\5.0.3\asm-commons-5.0.3.jar;E:\mymvnbase\org\ow2\asm\asm-analysis\5.0.3\asm-analysis-5.0.3.jar;E:\mymvnbase\org\ow2\asm\asm-tree\5.0.3\asm-tree-5.0.3.jar;E:\mymvnbase\org\ow2\asm\asm-util\5.0.3\asm-util-5.0.3.jar;E:\mymvnbase\com\github\jnr\jnr-x86asm\1.0.2\jnr-x86asm-1.0.2.jar;E:\mymvnbase\com\github\jnr\jnr-constants\0.8.7\jnr-constants-0.8.7.jar;E:\mymvnbase\com\github\jnr\jnr-enxio\0.9\jnr-enxio-0.9.jar;E:\mymvnbase\com\github\jnr\jnr-posix\3.0.12\jnr-posix-3.0.12.jar;E:\mymvnbase\org\bouncycastle\bcpkix-jdk15on\1.52\bcpkix-jdk15on-1.52.jar;E:\mymvnbase\org\bouncycastle\bcprov-jdk15on\1.52\bcprov-jdk15on-1.52.jar;"/>
    <property name="java.vm.vendor" value="Oracle Corporation"/>
    <property name="sun.arch.data.model" value="64"/>
    <property name="user.variant" value=""/>
    <property name="java.vendor.url" value="http://java.oracle.com/"/>
    <property name="user.timezone" value="Asia/Shanghai"/>
    <property name="java.vm.specification.version" value="1.8"/>
    <property name="os.name" value="Windows 10"/>
    <property name="user.country" value="CN"/>
    <property name="sun.java.launcher" value="SUN_STANDARD"/>
    <property name="sun.boot.library.path" value="D:\jide\JDK1.8.0_202\jre\bin"/>
    <property name="sun.java.command" value="D:\Users\wangzybg\AppData\Local\Temp\surefire8652169645700756395\surefirebooter1387982063979135694.jar D:\Users\wangzybg\AppData\Local\Temp\surefire8652169645700756395 2021-02-26T19-59-41_756-jvmRun1 surefire7309117113371590125tmp surefire_01002937720338499785tmp"/>
    <property name="surefire.test.class.path" value="E:\IdeaWorkSpace\inter-sys\target\test-classes;E:\IdeaWorkSpace\inter-sys\target\classes;E:\mymvnbase\joda-time\joda-time\2.9.9\joda-time-2.9.9.jar;E:\mymvnbase\org\springframework\boot\spring-boot-starter-freemarker\2.4.3\spring-boot-starter-freemarker-2.4.3.jar;E:\mymvnbase\org\springframework\boot\spring-boot-starter\2.4.3\spring-boot-starter-2.4.3.jar;E:\mymvnbase\org\springframework\boot\spring-boot\2.4.3\spring-boot-2.4.3.jar;E:\mymvnbase\org\springframework\boot\spring-boot-autoconfigure\2.4.3\spring-boot-autoconfigure-2.4.3.jar;E:\mymvnbase\org\springframework\boot\spring-boot-starter-logging\2.4.3\spring-boot-starter-logging-2.4.3.jar;E:\mymvnbase\ch\qos\logback\logback-classic\1.2.3\logback-classic-1.2.3.jar;E:\mymvnbase\ch\qos\logback\logback-core\1.2.3\logback-core-1.2.3.jar;E:\mymvnbase\org\apache\logging\log4j\log4j-to-slf4j\2.13.3\log4j-to-slf4j-2.13.3.jar;E:\mymvnbase\org\apache\logging\log4j\log4j-api\2.13.3\log4j-api-2.13.3.jar;E:\mymvnbase\org\slf4j\jul-to-slf4j\1.7.30\jul-to-slf4j-1.7.30.jar;E:\mymvnbase\jakarta\annotation\jakarta.annotation-api\1.3.5\jakarta.annotation-api-1.3.5.jar;E:\mymvnbase\org\yaml\snakeyaml\1.27\snakeyaml-1.27.jar;E:\mymvnbase\org\freemarker\freemarker\2.3.31\freemarker-2.3.31.jar;E:\mymvnbase\org\springframework\spring-context-support\5.3.4\spring-context-support-5.3.4.jar;E:\mymvnbase\org\springframework\spring-beans\5.3.4\spring-beans-5.3.4.jar;E:\mymvnbase\org\springframework\spring-context\5.3.4\spring-context-5.3.4.jar;E:\mymvnbase\org\springframework\boot\spring-boot-starter-thymeleaf\2.4.3\spring-boot-starter-thymeleaf-2.4.3.jar;E:\mymvnbase\org\thymeleaf\thymeleaf-spring5\3.0.12.RELEASE\thymeleaf-spring5-3.0.12.RELEASE.jar;E:\mymvnbase\org\thymeleaf\thymeleaf\3.0.12.RELEASE\thymeleaf-3.0.12.RELEASE.jar;E:\mymvnbase\org\attoparser\attoparser\2.0.5.RELEASE\attoparser-2.0.5.RELEASE.jar;E:\mymvnbase\org\unbescape\unbescape\1.1.6.RELEASE\unbescape-1.1.6.RELEASE.jar;E:\mymvnbase\org\thymeleaf\extras\thymeleaf-extras-java8time\3.0.4.RELEASE\thymeleaf-extras-java8time-3.0.4.RELEASE.jar;E:\mymvnbase\commons-io\commons-io\2.2\commons-io-2.2.jar;E:\mymvnbase\commons-lang\commons-lang\2.6\commons-lang-2.6.jar;E:\mymvnbase\org\projectlombok\lombok\1.18.4\lombok-1.18.4.jar;E:\mymvnbase\io\springfox\springfox-swagger2\2.9.2\springfox-swagger2-2.9.2.jar;E:\mymvnbase\io\swagger\swagger-annotations\1.5.20\swagger-annotations-1.5.20.jar;E:\mymvnbase\io\swagger\swagger-models\1.5.20\swagger-models-1.5.20.jar;E:\mymvnbase\com\fasterxml\jackson\core\jackson-annotations\2.11.4\jackson-annotations-2.11.4.jar;E:\mymvnbase\io\springfox\springfox-spi\2.9.2\springfox-spi-2.9.2.jar;E:\mymvnbase\io\springfox\springfox-core\2.9.2\springfox-core-2.9.2.jar;E:\mymvnbase\io\springfox\springfox-schema\2.9.2\springfox-schema-2.9.2.jar;E:\mymvnbase\io\springfox\springfox-swagger-common\2.9.2\springfox-swagger-common-2.9.2.jar;E:\mymvnbase\io\springfox\springfox-spring-web\2.9.2\springfox-spring-web-2.9.2.jar;E:\mymvnbase\com\google\guava\guava\20.0\guava-20.0.jar;E:\mymvnbase\com\fasterxml\classmate\1.5.1\classmate-1.5.1.jar;E:\mymvnbase\org\slf4j\slf4j-api\1.7.30\slf4j-api-1.7.30.jar;E:\mymvnbase\org\springframework\plugin\spring-plugin-core\1.2.0.RELEASE\spring-plugin-core-1.2.0.RELEASE.jar;E:\mymvnbase\org\springframework\spring-aop\5.3.4\spring-aop-5.3.4.jar;E:\mymvnbase\org\springframework\plugin\spring-plugin-metadata\1.2.0.RELEASE\spring-plugin-metadata-1.2.0.RELEASE.jar;E:\mymvnbase\org\mapstruct\mapstruct\1.2.0.Final\mapstruct-1.2.0.Final.jar;E:\mymvnbase\io\springfox\springfox-swagger-ui\2.9.2\springfox-swagger-ui-2.9.2.jar;E:\mymvnbase\org\springframework\boot\spring-boot-starter-web\2.4.3\spring-boot-starter-web-2.4.3.jar;E:\mymvnbase\org\springframework\boot\spring-boot-starter-json\2.4.3\spring-boot-starter-json-2.4.3.jar;E:\mymvnbase\com\fasterxml\jackson\datatype\jackson-datatype-jdk8\2.11.4\jackson-datatype-jdk8-2.11.4.jar;E:\mymvnbase\com\fasterxml\jackson\datatype\jackson-datatype-jsr310\2.11.4\jackson-datatype-jsr310-2.11.4.jar;E:\mymvnbase\com\fasterxml\jackson\module\jackson-module-parameter-names\2.11.4\jackson-module-parameter-names-2.11.4.jar;E:\mymvnbase\org\springframework\boot\spring-boot-starter-tomcat\2.4.3\spring-boot-starter-tomcat-2.4.3.jar;E:\mymvnbase\org\apache\tomcat\embed\tomcat-embed-core\9.0.43\tomcat-embed-core-9.0.43.jar;E:\mymvnbase\org\glassfish\jakarta.el\3.0.3\jakarta.el-3.0.3.jar;E:\mymvnbase\org\apache\tomcat\embed\tomcat-embed-websocket\9.0.43\tomcat-embed-websocket-9.0.43.jar;E:\mymvnbase\org\springframework\spring-web\5.3.4\spring-web-5.3.4.jar;E:\mymvnbase\org\springframework\spring-webmvc\5.3.4\spring-webmvc-5.3.4.jar;E:\mymvnbase\org\springframework\spring-expression\5.3.4\spring-expression-5.3.4.jar;E:\mymvnbase\org\springframework\boot\spring-boot-starter-test\2.4.3\spring-boot-starter-test-2.4.3.jar;E:\mymvnbase\org\springframework\boot\spring-boot-test\2.4.3\spring-boot-test-2.4.3.jar;E:\mymvnbase\org\springframework\boot\spring-boot-test-autoconfigure\2.4.3\spring-boot-test-autoconfigure-2.4.3.jar;E:\mymvnbase\com\jayway\jsonpath\json-path\2.4.0\json-path-2.4.0.jar;E:\mymvnbase\net\minidev\json-smart\2.3\json-smart-2.3.jar;E:\mymvnbase\net\minidev\accessors-smart\1.2\accessors-smart-1.2.jar;E:\mymvnbase\jakarta\xml\bind\jakarta.xml.bind-api\2.3.3\jakarta.xml.bind-api-2.3.3.jar;E:\mymvnbase\jakarta\activation\jakarta.activation-api\1.2.2\jakarta.activation-api-1.2.2.jar;E:\mymvnbase\org\assertj\assertj-core\3.18.1\assertj-core-3.18.1.jar;E:\mymvnbase\org\hamcrest\hamcrest\2.2\hamcrest-2.2.jar;E:\mymvnbase\org\junit\jupiter\junit-jupiter\5.7.1\junit-jupiter-5.7.1.jar;E:\mymvnbase\org\junit\jupiter\junit-jupiter-api\5.7.1\junit-jupiter-api-5.7.1.jar;E:\mymvnbase\org\apiguardian\apiguardian-api\1.1.0\apiguardian-api-1.1.0.jar;E:\mymvnbase\org\opentest4j\opentest4j\1.2.0\opentest4j-1.2.0.jar;E:\mymvnbase\org\junit\platform\junit-platform-commons\1.7.1\junit-platform-commons-1.7.1.jar;E:\mymvnbase\org\junit\jupiter\junit-jupiter-params\5.7.1\junit-jupiter-params-5.7.1.jar;E:\mymvnbase\org\junit\jupiter\junit-jupiter-engine\5.7.1\junit-jupiter-engine-5.7.1.jar;E:\mymvnbase\org\junit\platform\junit-platform-engine\1.7.1\junit-platform-engine-1.7.1.jar;E:\mymvnbase\org\mockito\mockito-core\3.6.28\mockito-core-3.6.28.jar;E:\mymvnbase\net\bytebuddy\byte-buddy\1.10.20\byte-buddy-1.10.20.jar;E:\mymvnbase\net\bytebuddy\byte-buddy-agent\1.10.20\byte-buddy-agent-1.10.20.jar;E:\mymvnbase\org\objenesis\objenesis\3.1\objenesis-3.1.jar;E:\mymvnbase\org\mockito\mockito-junit-jupiter\3.6.28\mockito-junit-jupiter-3.6.28.jar;E:\mymvnbase\org\skyscreamer\jsonassert\1.5.0\jsonassert-1.5.0.jar;E:\mymvnbase\com\vaadin\external\google\android-json\0.0.20131108.vaadin1\android-json-0.0.20131108.vaadin1.jar;E:\mymvnbase\org\springframework\spring-core\5.3.4\spring-core-5.3.4.jar;E:\mymvnbase\org\springframework\spring-jcl\5.3.4\spring-jcl-5.3.4.jar;E:\mymvnbase\org\springframework\spring-test\5.3.4\spring-test-5.3.4.jar;E:\mymvnbase\org\xmlunit\xmlunit-core\2.7.0\xmlunit-core-2.7.0.jar;E:\mymvnbase\org\apache\httpcomponents\httpclient\4.5.13\httpclient-4.5.13.jar;E:\mymvnbase\org\apache\httpcomponents\httpcore\4.4.14\httpcore-4.4.14.jar;E:\mymvnbase\commons-codec\commons-codec\1.15\commons-codec-1.15.jar;E:\mymvnbase\com\alibaba\fastjson\1.2.70\fastjson-1.2.70.jar;E:\mymvnbase\com\spotify\docker-client\8.5.0\docker-client-8.5.0.jar;E:\mymvnbase\com\fasterxml\jackson\jaxrs\jackson-jaxrs-json-provider\2.11.4\jackson-jaxrs-json-provider-2.11.4.jar;E:\mymvnbase\com\fasterxml\jackson\jaxrs\jackson-jaxrs-base\2.11.4\jackson-jaxrs-base-2.11.4.jar;E:\mymvnbase\com\fasterxml\jackson\module\jackson-module-jaxb-annotations\2.11.4\jackson-module-jaxb-annotations-2.11.4.jar;E:\mymvnbase\com\fasterxml\jackson\datatype\jackson-datatype-guava\2.11.4\jackson-datatype-guava-2.11.4.jar;E:\mymvnbase\com\fasterxml\jackson\core\jackson-core\2.11.4\jackson-core-2.11.4.jar;E:\mymvnbase\com\fasterxml\jackson\core\jackson-databind\2.11.4\jackson-databind-2.11.4.jar;E:\mymvnbase\org\glassfish\jersey\core\jersey-client\2.32\jersey-client-2.32.jar;E:\mymvnbase\jakarta\ws\rs\jakarta.ws.rs-api\2.1.6\jakarta.ws.rs-api-2.1.6.jar;E:\mymvnbase\org\glassfish\jersey\core\jersey-common\2.32\jersey-common-2.32.jar;E:\mymvnbase\org\glassfish\hk2\osgi-resource-locator\1.0.3\osgi-resource-locator-1.0.3.jar;E:\mymvnbase\org\glassfish\hk2\external\jakarta.inject\2.6.1\jakarta.inject-2.6.1.jar;E:\mymvnbase\org\glassfish\jersey\connectors\jersey-apache-connector\2.32\jersey-apache-connector-2.32.jar;E:\mymvnbase\org\glassfish\jersey\media\jersey-media-json-jackson\2.32\jersey-media-json-jackson-2.32.jar;E:\mymvnbase\org\glassfish\jersey\ext\jersey-entity-filtering\2.32\jersey-entity-filtering-2.32.jar;E:\mymvnbase\org\apache\commons\commons-compress\1.9\commons-compress-1.9.jar;E:\mymvnbase\com\github\jnr\jnr-unixsocket\0.8\jnr-unixsocket-0.8.jar;E:\mymvnbase\com\github\jnr\jnr-ffi\2.0.3\jnr-ffi-2.0.3.jar;E:\mymvnbase\com\github\jnr\jffi\1.2.9\jffi-1.2.9.jar;E:\mymvnbase\com\github\jnr\jffi\1.2.9\jffi-1.2.9-native.jar;E:\mymvnbase\org\ow2\asm\asm\5.0.3\asm-5.0.3.jar;E:\mymvnbase\org\ow2\asm\asm-commons\5.0.3\asm-commons-5.0.3.jar;E:\mymvnbase\org\ow2\asm\asm-analysis\5.0.3\asm-analysis-5.0.3.jar;E:\mymvnbase\org\ow2\asm\asm-tree\5.0.3\asm-tree-5.0.3.jar;E:\mymvnbase\org\ow2\asm\asm-util\5.0.3\asm-util-5.0.3.jar;E:\mymvnbase\com\github\jnr\jnr-x86asm\1.0.2\jnr-x86asm-1.0.2.jar;E:\mymvnbase\com\github\jnr\jnr-constants\0.8.7\jnr-constants-0.8.7.jar;E:\mymvnbase\com\github\jnr\jnr-enxio\0.9\jnr-enxio-0.9.jar;E:\mymvnbase\com\github\jnr\jnr-posix\3.0.12\jnr-posix-3.0.12.jar;E:\mymvnbase\org\bouncycastle\bcpkix-jdk15on\1.52\bcpkix-jdk15on-1.52.jar;E:\mymvnbase\org\bouncycastle\bcprov-jdk15on\1.52\bcprov-jdk15on-1.52.jar;"/>
    <property name="sun.cpu.endian" value="little"/>
    <property name="user.home" value="D:\Users\wangzybg"/>
    <property name="user.language" value="zh"/>
    <property name="java.specification.vendor" value="Oracle Corporation"/>
    <property name="java.home" value="D:\jide\JDK1.8.0_202\jre"/>
    <property name="basedir" value="E:\IdeaWorkSpace\inter-sys"/>
    <property name="file.separator" value="\"/>
    <property name="line.separator" value="&#10;"/>
    <property name="java.vm.specification.vendor" value="Oracle Corporation"/>
    <property name="java.specification.name" value="Java Platform API Specification"/>
    <property name="java.awt.graphicsenv" value="sun.awt.Win32GraphicsEnvironment"/>
    <property name="surefire.real.class.path" value="D:\Users\wangzybg\AppData\Local\Temp\surefire8652169645700756395\surefirebooter1387982063979135694.jar"/>
    <property name="sun.boot.class.path" value="D:\jide\JDK1.8.0_202\jre\lib\resources.jar;D:\jide\JDK1.8.0_202\jre\lib\rt.jar;D:\jide\JDK1.8.0_202\jre\lib\sunrsasign.jar;D:\jide\JDK1.8.0_202\jre\lib\jsse.jar;D:\jide\JDK1.8.0_202\jre\lib\jce.jar;D:\jide\JDK1.8.0_202\jre\lib\charsets.jar;D:\jide\JDK1.8.0_202\jre\lib\jfr.jar;D:\jide\JDK1.8.0_202\jre\classes"/>
    <property name="user.script" value=""/>
    <property name="sun.management.compiler" value="HotSpot 64-Bit Tiered Compilers"/>
    <property name="java.runtime.version" value="1.8.0_202-b08"/>
    <property name="user.name" value="wangzybg"/>
    <property name="path.separator" value=";"/>
    <property name="os.version" value="10.0"/>
    <property name="java.endorsed.dirs" value="D:\jide\JDK1.8.0_202\jre\lib\endorsed"/>
    <property name="java.runtime.name" value="Java(TM) SE Runtime Environment"/>
    <property name="file.encoding" value="GBK"/>
    <property name="java.vm.name" value="Java HotSpot(TM) 64-Bit Server VM"/>
    <property name="localRepository" value="E:\mymvnbase"/>
    <property name="java.vendor.url.bug" value="http://bugreport.sun.com/bugreport/"/>
    <property name="java.io.tmpdir" value="D:\Users\wangzybg\AppData\Local\Temp\"/>
    <property name="idea.version" value="2018.1"/>
    <property name="java.version" value="1.8.0_202"/>
    <property name="user.dir" value="E:\IdeaWorkSpace\inter-sys"/>
    <property name="os.arch" value="amd64"/>
    <property name="java.vm.specification.name" value="Java Virtual Machine Specification"/>
    <property name="java.awt.printerjob" value="sun.awt.windows.WPrinterJob"/>
    <property name="sun.os.patch.level" value=""/>
    <property name="java.library.path" value="D:\jide\JDK1.8.0_202\jre\bin;C:\Windows\Sun\Java\bin;C:\Windows\system32;C:\Windows;D:\jide\JDK1.8.0_202\bin;C:\Program Files (x86)\Common Files\Oracle\Java\javapath;C:\Windows\system32;C:\Windows;C:\Windows\System32\Wbem;C:\Windows\System32\WindowsPowerShell\v1.0\;C:\Windows\System32\OpenSSH\;C:\Program Files (x86)\NVIDIA Corporation\PhysX\Common;C:\Program Files\MySQL\MySQL Server 5.5\bin;D:\jide\Maven\apache-maven-3.6.0\bin;D:\jide\MySQL\bin;D:\jide\Git\cmd;D:\jide\TortoiseGit\bin;D:\jide\SAS\SASFoundation\9.4\ets\sasexe;C:\Program Files\Docker\Docker\resources\bin;C:\ProgramData\DockerDesktop\version-bin;D:\Users\wangzybg\AppData\Local\Microsoft\WindowsApps;D:\Users\wangzybg\AppData\Local\BypassRuntm;D:\Users\wangzybg\AppData\Local\Programs\Fiddler;D:\Users\wangzybg\AppData\Local\GitHubDesktop\bin;D:\Users\wangzybg\AppData\Local\Programs\Microsoft VS Code\bin;."/>
    <property name="java.vm.info" value="mixed mode"/>
    <property name="java.vendor" value="Oracle Corporation"/>
    <property name="java.vm.version" value="25.202-b08"/>
    <property name="java.ext.dirs" value="D:\jide\JDK1.8.0_202\jre\lib\ext;C:\Windows\Sun\Java\lib\ext"/>
    <property name="sun.io.unicode.encoding" value="UnicodeLittle"/>
    <property name="maven.repo.local" value="E:\mymvnbase"/>
    <property name="java.class.version" value="52.0"/>
  </properties>
  <testcase name="contextLoads" classname="com.intersys.InterSysApplicationTests" time="0.269"/>
</testsuite>